2015-07-08 17:57:42,654 INFO  [Log] ******************************************************************************* 
2015-07-08 17:57:42,654 INFO  [Log] ******************************************************************************* 
2015-07-08 17:57:42,654 INFO  [Log] *************************** LG_01 ******************************* 
2015-07-08 17:57:42,654 INFO  [Log] ******************************************************************************* 
2015-07-08 17:57:42,654 INFO  [Log] ******************************************************************************* 
2015-07-08 17:57:42,654 INFO  [Log] ******************************************************************************* 
2015-07-08 17:57:56,890 INFO  [Log] 233531 Entered in Usernamre Field 
2015-07-08 17:57:57,120 INFO  [Log] Daksh123 Entered in Password Field 
2015-07-08 17:57:57,357 INFO  [Log] Login Button Clicked 
2015-07-08 17:57:57,414 INFO  [Log] XXXXXXXXXXXXXXXXXXXXXXXXXXXXXXXXXXXXXXXXXXXXXXXXXXXXXXXXXXXXXXXXXXXXXXXXXXXXXXX 
2015-07-08 17:57:57,414 INFO  [Log] XXXXXXXXXXXXXXXXXXXXXX   End Test Case      XXXXXXXXXXXXXXXXXXXXXXXXXXX 
2015-07-08 17:57:57,414 INFO  [Log] X 
2015-07-08 17:57:57,414 INFO  [Log] X 
2015-07-08 17:57:57,414 INFO  [Log] X 
2015-07-08 17:57:57,414 INFO  [Log] X 
2015-07-08 18:31:42,603 INFO  [Log] ******************************************************************************* 
2015-07-08 18:31:42,603 INFO  [Log] ******************************************************************************* 
2015-07-08 18:31:42,603 INFO  [Log] *************************** LG_01 ******************************* 
2015-07-08 18:31:42,603 INFO  [Log] ******************************************************************************* 
2015-07-08 18:31:42,603 INFO  [Log] ******************************************************************************* 
2015-07-08 18:31:42,604 INFO  [Log] ******************************************************************************* 
2015-07-08 18:31:57,341 INFO  [Log] 233531 Entered in Usernamre Field 
2015-07-08 18:31:57,398 INFO  [Log] Daksh123 Entered in Password Field 
2015-07-08 18:31:57,765 INFO  [Log] Login Button Clicked 
2015-07-08 18:31:57,783 INFO  [Log] XXXXXXXXXXXXXXXXXXXXXXXXXXXXXXXXXXXXXXXXXXXXXXXXXXXXXXXXXXXXXXXXXXXXXXXXXXXXXXX 
2015-07-08 18:31:57,784 INFO  [Log] XXXXXXXXXXXXXXXXXXXXXX   End Test Case      XXXXXXXXXXXXXXXXXXXXXXXXXXX 
2015-07-08 18:31:57,784 INFO  [Log] X 
2015-07-08 18:31:57,784 INFO  [Log] X 
2015-07-08 18:31:57,784 INFO  [Log] X 
2015-07-08 18:31:57,784 INFO  [Log] X 
2015-07-08 18:31:57,889 INFO  [Log] ******************************************************************************* 
2015-07-08 18:31:57,889 INFO  [Log] ******************************************************************************* 
2015-07-08 18:31:57,889 INFO  [Log] *************************** LG_02 ******************************* 
2015-07-08 18:31:57,889 INFO  [Log] ******************************************************************************* 
2015-07-08 18:31:57,889 INFO  [Log] ******************************************************************************* 
2015-07-08 18:31:57,889 INFO  [Log] ******************************************************************************* 
2015-07-08 18:32:12,799 INFO  [Log] 796419 Entered in Usernamre Field 
2015-07-08 18:32:12,852 INFO  [Log] Daksh@123  Entered in Password Field 
2015-07-08 18:32:13,007 INFO  [Log] Login Button Clicked 
2015-07-08 18:32:13,009 INFO  [Log] XXXXXXXXXXXXXXXXXXXXXXXXXXXXXXXXXXXXXXXXXXXXXXXXXXXXXXXXXXXXXXXXXXXXXXXXXXXXXXX 
2015-07-08 18:32:13,009 INFO  [Log] XXXXXXXXXXXXXXXXXXXXXX   End Test Case      XXXXXXXXXXXXXXXXXXXXXXXXXXX 
2015-07-08 18:32:13,009 INFO  [Log] X 
2015-07-08 18:32:13,009 INFO  [Log] X 
2015-07-08 18:32:13,009 INFO  [Log] X 
2015-07-08 18:32:13,009 INFO  [Log] X 
2015-07-08 18:35:25,487 INFO  [Log] ******************************************************************************* 
2015-07-08 18:35:25,487 INFO  [Log] ******************************************************************************* 
2015-07-08 18:35:25,487 INFO  [Log] *************************** LG_01 ******************************* 
2015-07-08 18:35:25,487 INFO  [Log] ******************************************************************************* 
2015-07-08 18:35:25,487 INFO  [Log] ******************************************************************************* 
2015-07-08 18:35:25,487 INFO  [Log] ******************************************************************************* 
2015-07-08 18:35:37,335 INFO  [Log] 233531 Entered in Usernamre Field 
2015-07-08 18:35:37,376 INFO  [Log] Daksh123 Entered in Password Field 
2015-07-08 18:35:37,762 INFO  [Log] Login Button Clicked 
2015-07-08 18:35:37,782 INFO  [Log] XXXXXXXXXXXXXXXXXXXXXXXXXXXXXXXXXXXXXXXXXXXXXXXXXXXXXXXXXXXXXXXXXXXXXXXXXXXXXXX 
2015-07-08 18:35:37,782 INFO  [Log] XXXXXXXXXXXXXXXXXXXXXX   End Test Case      XXXXXXXXXXXXXXXXXXXXXXXXXXX 
2015-07-08 18:35:37,782 INFO  [Log] X 
2015-07-08 18:35:37,782 INFO  [Log] X 
2015-07-08 18:35:37,782 INFO  [Log] X 
2015-07-08 18:35:37,782 INFO  [Log] X 
2015-07-08 18:35:38,521 INFO  [Log] ******************************************************************************* 
2015-07-08 18:35:38,521 INFO  [Log] ******************************************************************************* 
2015-07-08 18:35:38,521 INFO  [Log] *************************** LG_02 ******************************* 
2015-07-08 18:35:38,521 INFO  [Log] ******************************************************************************* 
2015-07-08 18:35:38,521 INFO  [Log] ******************************************************************************* 
2015-07-08 18:35:38,521 INFO  [Log] ******************************************************************************* 
2015-07-08 18:35:48,669 INFO  [Log] 796419 Entered in Usernamre Field 
2015-07-08 18:35:48,723 INFO  [Log] Daksh@123  Entered in Password Field 
2015-07-08 18:35:49,017 INFO  [Log] Login Button Clicked 
2015-07-08 18:35:49,019 INFO  [Log] XXXXXXXXXXXXXXXXXXXXXXXXXXXXXXXXXXXXXXXXXXXXXXXXXXXXXXXXXXXXXXXXXXXXXXXXXXXXXXX 
2015-07-08 18:35:49,020 INFO  [Log] XXXXXXXXXXXXXXXXXXXXXX   End Test Case      XXXXXXXXXXXXXXXXXXXXXXXXXXX 
2015-07-08 18:35:49,020 INFO  [Log] X 
2015-07-08 18:35:49,020 INFO  [Log] X 
2015-07-08 18:35:49,020 INFO  [Log] X 
2015-07-08 18:35:49,020 INFO  [Log] X 
2015-07-08 19:18:58,951 INFO  [Log] ******************************************************************************* 
2015-07-08 19:18:58,951 INFO  [Log] ******************************************************************************* 
2015-07-08 19:18:58,951 INFO  [Log] *************************** LG_01 ******************************* 
2015-07-08 19:18:58,951 INFO  [Log] ******************************************************************************* 
2015-07-08 19:18:58,951 INFO  [Log] ******************************************************************************* 
2015-07-08 19:18:58,951 INFO  [Log] ******************************************************************************* 
2015-07-08 19:19:15,776 INFO  [Log] 233531 Entered in Usernamre Field 
2015-07-08 19:19:16,033 INFO  [Log] Daksh123 Entered in Password Field 
2015-07-08 19:19:16,605 INFO  [Log] Login Button Clicked 
2015-07-08 19:19:16,646 WARN  [Log] package testcases.testcases_Login|| Class LG_01 ||Method mainUnable to locate element: {"method":"xpath","selector":".//*[@id='navbar-container']/div[2]/ul/li[2]/a/span/b"}
Command duration or timeout: 16 milliseconds
For documentation on this error, please visit: http://seleniumhq.org/exceptions/no_such_element.html
Build info: version: '2.46.0', revision: '87c69e2', time: '2015-06-04 16:17:10'
System info: host: 'inf-sdt-256', ip: '10.129.34.58', os.name: 'Windows 7', os.arch: 'amd64', os.version: '6.1', java.version: '1.7.0_55'
*** Element info: {Using=xpath, value=.//*[@id='navbar-container']/div[2]/ul/li[2]/a/span/b}
Session ID: 5d5aea30-7b98-419b-8dc6-14e4139fe0ca
Driver info: org.openqa.selenium.firefox.FirefoxDriver
Capabilities [{platform=WINDOWS, acceptSslCerts=true, javascriptEnabled=true, cssSelectorsEnabled=true, databaseEnabled=true, browserName=firefox, handlesAlerts=true, browserConnectionEnabled=true, nativeEvents=false, webStorageEnabled=true, rotatable=false, locationContextEnabled=true, applicationCacheEnabled=true, takesScreenshot=true, version=17.0.5}] 
2015-07-08 19:19:17,058 INFO  [Log] XXXXXXXXXXXXXXXXXXXXXXXXXXXXXXXXXXXXXXXXXXXXXXXXXXXXXXXXXXXXXXXXXXXXXXXXXXXXXXX 
2015-07-08 19:19:17,059 INFO  [Log] XXXXXXXXXXXXXXXXXXXXXX   End Test Case      XXXXXXXXXXXXXXXXXXXXXXXXXXX 
2015-07-08 19:19:17,059 INFO  [Log] X 
2015-07-08 19:19:17,059 INFO  [Log] X 
2015-07-08 19:19:17,059 INFO  [Log] X 
2015-07-08 19:19:17,059 INFO  [Log] X 
